<?xml version="1.0" encoding="UTF-8"?>
<!-- Generated by org.testng.reporters.JUnitReportReporter -->
<testsuite skipped="0" hostname="DESKTOP-QRGQV12" name="org.my.samplelogin.example_login.org.my.samplelogin.example_login.PositiveTests" tests="4" failures="0" timestamp="02 Aug 2018 22:29:49 GMT" time="2.682" errors="0">
  <testcase name="testCloseAndCancelButtons" time="0.760" classname="org.my.samplelogin.example_login.org.my.samplelogin.example_login.PositiveTests"/>
  <testcase name="testRememeberMeChekbox" time="0.340" classname="org.my.samplelogin.example_login.org.my.samplelogin.example_login.PositiveTests"/>
  <testcase name="testSimpleLogin" time="0.694" classname="org.my.samplelogin.example_login.org.my.samplelogin.example_login.PositiveTests"/>
  <testcase name="testLoginAndCheckTitles" time="0.888" classname="org.my.samplelogin.example_login.org.my.samplelogin.example_login.PositiveTests"/>
</testsuite> <!-- org.my.samplelogin.example_login.org.my.samplelogin.example_login.PositiveTests -->
